::1 - - [07/Jun/2020:09:56:39 +0300] "GET / HTTP/1.1" 200 251
::1 - - [07/Jun/2020:09:56:40 +0300] "GET /favicon.ico HTTP/1.1" 404 196
::1 - - [07/Jun/2020:09:56:53 +0300] "GET /access.log HTTP/1.1" 200 137
::1 - - [07/Jun/2020:09:56:56 +0300] "GET /error.log HTTP/1.1" 200 -
::1 - - [07/Jun/2020:09:56:58 +0300] "GET /access.log HTTP/1.1" 200 280
::1 - - [07/Jun/2020:09:58:51 +0300] "GET / HTTP/1.1" 200 113
::1 - - [07/Jun/2020:10:14:20 +0300] "GET / HTTP/1.1" 200 88411
::1 - - [07/Jun/2020:11:00:10 +0300] "GET / HTTP/1.1" 200 117
::1 - - [07/Jun/2020:11:00:24 +0300] "GET / HTTP/1.1" 200 117
::1 - - [07/Jun/2020:11:00:25 +0300] "GET / HTTP/1.1" 200 117
::1 - - [07/Jun/2020:11:00:26 +0300] "GET / HTTP/1.1" 200 117
::1 - - [07/Jun/2020:11:00:27 +0300] "GET / HTTP/1.1" 200 117
::1 - - [07/Jun/2020:11:00:40 +0300] "GET / HTTP/1.1" 200 116
::1 - - [07/Jun/2020:11:04:33 +0300] "GET / HTTP/1.1" 200 117
::1 - - [07/Jun/2020:11:04:34 +0300] "GET / HTTP/1.1" 200 117
::1 - - [07/Jun/2020:11:09:48 +0300] "GET / HTTP/1.1" 200 117
::1 - - [07/Jun/2020:11:12:00 +0300] "GET / HTTP/1.1" 200 23
::1 - - [07/Jun/2020:11:18:43 +0300] "GET / HTTP/1.1" 200 122
::1 - - [07/Jun/2020:11:19:17 +0300] "GET / HTTP/1.1" 200 117
::1 - - [07/Jun/2020:11:19:19 +0300] "GET / HTTP/1.1" 200 117
::1 - - [07/Jun/2020:11:19:42 +0300] "GET / HTTP/1.1" 200 130
::1 - - [07/Jun/2020:11:20:02 +0300] "GET / HTTP/1.1" 200 23
::1 - - [07/Jun/2020:11:25:47 +0300] "GET / HTTP/1.1" 200 23
::1 - - [07/Jun/2020:11:25:48 +0300] "GET /favicon.ico HTTP/1.1" 404 196
::1 - - [07/Jun/2020:11:29:49 +0300] "GET / HTTP/1.1" 200 23
::1 - - [07/Jun/2020:11:29:50 +0300] "GET / HTTP/1.1" 200 23
::1 - - [07/Jun/2020:11:29:51 +0300] "GET / HTTP/1.1" 200 23
::1 - - [07/Jun/2020:11:31:47 +0300] "GET / HTTP/1.1" 200 23
::1 - - [07/Jun/2020:11:31:48 +0300] "GET / HTTP/1.1" 200 23
::1 - - [07/Jun/2020:11:31:48 +0300] "GET / HTTP/1.1" 200 23
::1 - - [07/Jun/2020:11:31:49 +0300] "GET / HTTP/1.1" 200 23
::1 - - [07/Jun/2020:11:31:50 +0300] "GET / HTTP/1.1" 200 23
::1 - - [07/Jun/2020:11:39:41 +0300] "GET / HTTP/1.1" 200 23
::1 - - [07/Jun/2020:11:39:42 +0300] "GET / HTTP/1.1" 200 23
::1 - - [07/Jun/2020:11:39:43 +0300] "GET / HTTP/1.1" 200 23
::1 - - [07/Jun/2020:11:40:24 +0300] "GET / HTTP/1.1" 200 23
::1 - - [07/Jun/2020:11:40:24 +0300] "GET / HTTP/1.1" 200 23
::1 - - [07/Jun/2020:11:40:25 +0300] "GET / HTTP/1.1" 200 23
::1 - - [07/Jun/2020:11:40:46 +0300] "GET / HTTP/1.1" 200 23
::1 - - [07/Jun/2020:11:40:46 +0300] "GET / HTTP/1.1" 200 23
::1 - - [07/Jun/2020:11:41:34 +0300] "GET / HTTP/1.1" 200 84178
::1 - - [07/Jun/2020:12:01:01 +0300] "GET / HTTP/1.1" 200 97050
::1 - - [07/Jun/2020:12:01:49 +0300] "GET / HTTP/1.1" 200 97050
::1 - - [07/Jun/2020:12:01:50 +0300] "GET / HTTP/1.1" 200 97050
::1 - - [07/Jun/2020:12:01:52 +0300] "GET / HTTP/1.1" 200 97050
::1 - - [07/Jun/2020:12:02:14 +0300] "GET / HTTP/1.1" 200 97048
::1 - - [07/Jun/2020:12:02:55 +0300] "GET / HTTP/1.1" 200 2
::1 - - [07/Jun/2020:12:03:42 +0300] "GET / HTTP/1.1" 200 2
::1 - - [07/Jun/2020:12:42:41 +0300] "GET / HTTP/1.1" 200 2
::1 - - [07/Jun/2020:12:52:48 +0300] "GET / HTTP/1.1" 200 125
::1 - - [07/Jun/2020:12:53:07 +0300] "GET / HTTP/1.1" 200 13
::1 - - [07/Jun/2020:12:53:20 +0300] "GET / HTTP/1.1" 200 15
::1 - - [07/Jun/2020:12:53:21 +0300] "GET / HTTP/1.1" 200 15
::1 - - [07/Jun/2020:12:58:15 +0300] "GET / HTTP/1.1" 200 629
::1 - - [07/Jun/2020:13:03:25 +0300] "GET / HTTP/1.1" 200 682
::1 - - [07/Jun/2020:13:03:27 +0300] "GET / HTTP/1.1" 200 682
::1 - - [07/Jun/2020:13:14:57 +0300] "GET / HTTP/1.1" 200 965
::1 - - [07/Jun/2020:13:15:38 +0300] "GET / HTTP/1.1" 200 961
::1 - - [07/Jun/2020:13:18:08 +0300] "GET / HTTP/1.1" 200 1060
::1 - - [07/Jun/2020:13:20:29 +0300] "GET / HTTP/1.1" 200 1085
::1 - - [07/Jun/2020:13:20:30 +0300] "GET / HTTP/1.1" 200 1085
::1 - - [07/Jun/2020:13:20:44 +0300] "GET / HTTP/1.1" 200 1087
::1 - - [07/Jun/2020:13:20:46 +0300] "GET /index2.php HTTP/1.1" 200 116
::1 - - [07/Jun/2020:13:21:27 +0300] "GET / HTTP/1.1" 200 1087
::1 - - [07/Jun/2020:13:21:28 +0300] "GET /index2.php HTTP/1.1" 200 680
::1 - - [07/Jun/2020:13:40:32 +0300] "GET /index2.php HTTP/1.1" 200 680
::1 - - [07/Jun/2020:13:40:45 +0300] "GET / HTTP/1.1" 200 1086
::1 - - [07/Jun/2020:13:53:45 +0300] "GET / HTTP/1.1" 200 2754
::1 - - [07/Jun/2020:13:54:27 +0300] "GET / HTTP/1.1" 200 2749
::1 - - [07/Jun/2020:13:54:49 +0300] "GET /reg.php HTTP/1.1" 200 1260
::1 - - [07/Jun/2020:13:55:07 +0300] "POST /save_user.php HTTP/1.1" 200 372
::1 - - [07/Jun/2020:13:55:18 +0300] "GET /index.php HTTP/1.1" 200 2749
::1 - - [07/Jun/2020:13:55:29 +0300] "POST /testreg.php HTTP/1.1" 200 1082
::1 - - [07/Jun/2020:13:58:01 +0300] "GET /index.php HTTP/1.1" 200 2749
::1 - - [07/Jun/2020:13:58:07 +0300] "POST /testreg.php HTTP/1.1" 200 295
::1 - - [07/Jun/2020:14:01:08 +0300] "GET /index.php HTTP/1.1" 200 2749
::1 - - [07/Jun/2020:14:01:11 +0300] "GET /reg.php HTTP/1.1" 200 1260
::1 - - [07/Jun/2020:14:01:18 +0300] "POST /save_user.php HTTP/1.1" 200 372
::1 - - [07/Jun/2020:14:01:20 +0300] "GET /index.php HTTP/1.1" 200 2749
::1 - - [07/Jun/2020:14:01:25 +0300] "POST /testreg.php HTTP/1.1" 200 295
::1 - - [07/Jun/2020:14:01:31 +0300] "GET /index.php HTTP/1.1" 200 2749
::1 - - [07/Jun/2020:14:02:31 +0300] "-" 408 -
::1 - - [07/Jun/2020:14:02:32 +0300] "POST /testreg.php HTTP/1.1" 200 530
::1 - - [07/Jun/2020:14:11:30 +0300] "GET /index.php HTTP/1.1" 200 1660
::1 - - [07/Jun/2020:14:12:27 +0300] "-" 408 -
::1 - - [07/Jun/2020:14:13:23 +0300] "GET /index.php HTTP/1.1" 200 1530
::1 - - [07/Jun/2020:14:13:29 +0300] "POST /testreg.php HTTP/1.1" 200 530
::1 - - [07/Jun/2020:14:13:31 +0300] "GET /index.php HTTP/1.1" 200 1530
::1 - - [07/Jun/2020:14:13:39 +0300] "POST /testreg.php HTTP/1.1" 200 530
::1 - - [07/Jun/2020:14:13:42 +0300] "GET /index.php HTTP/1.1" 200 1530
::1 - - [07/Jun/2020:14:14:32 +0300] "GET /index.php HTTP/1.1" 200 1530
::1 - - [07/Jun/2020:14:14:36 +0300] "POST /testreg.php HTTP/1.1" 200 530
::1 - - [07/Jun/2020:14:14:37 +0300] "GET /index.php HTTP/1.1" 200 1530
::1 - - [07/Jun/2020:14:15:15 +0300] "GET /index.php HTTP/1.1" 200 1478
::1 - - [07/Jun/2020:14:15:20 +0300] "POST /testreg.php HTTP/1.1" 200 530
::1 - - [07/Jun/2020:14:15:23 +0300] "GET /index.php HTTP/1.1" 200 1478
